<?xml version="1.0" encoding="UTF-8"?>
<coverage generated="1552545353076" clover="3.2.0">
  <project timestamp="1552545353077" name="All files">
    <metrics statements="52" coveredstatements="52" conditionals="32" coveredconditionals="27" methods="15" coveredmethods="15" elements="99" coveredelements="94" complexity="0" loc="52" ncloc="52" packages="2" files="4" classes="4">
      <package name="components">
        <metrics statements="47" coveredstatements="47" conditionals="28" coveredconditionals="23" methods="14" coveredmethods="14"/>
        <file name="List.js" path="/home/asharani/node/eclipse-workspace/React-To-do/src/components/List.js">
          <metrics statements="5" coveredstatements="5" conditionals="4" coveredconditionals="3" methods="2" coveredmethods="2"/>
          <line num="16" count="2" type="stmt"/>
          <line num="18" count="2" type="cond" truecount="3" falsecount="1"/>
          <line num="19" count="2" type="stmt"/>
          <line num="20" count="4" type="stmt"/>
          <line num="32" count="2" type="stmt"/>
        </file>
        <file name="ListItem.js" path="/home/asharani/node/eclipse-workspace/React-To-do/src/components/ListItem.js">
          <metrics statements="30" coveredstatements="30" conditionals="24" coveredconditionals="20" methods="7" coveredmethods="7"/>
          <line num="19" count="10" type="stmt"/>
          <line num="20" count="10" type="stmt"/>
          <line num="23" count="10" type="stmt"/>
          <line num="24" count="10" type="stmt"/>
          <line num="25" count="10" type="stmt"/>
          <line num="26" count="10" type="stmt"/>
          <line num="27" count="10" type="stmt"/>
          <line num="31" count="1" type="stmt"/>
          <line num="35" count="3" type="cond" truecount="2" falsecount="0"/>
          <line num="36" count="1" type="stmt"/>
          <line num="38" count="2" type="stmt"/>
          <line num="43" count="1" type="stmt"/>
          <line num="47" count="1" type="cond" truecount="1" falsecount="1"/>
          <line num="48" count="1" type="stmt"/>
          <line num="49" count="1" type="stmt"/>
          <line num="51" count="1" type="stmt"/>
          <line num="55" count="1" type="stmt"/>
          <line num="56" count="1" type="stmt"/>
          <line num="61" count="3" type="stmt"/>
          <line num="62" count="3" type="stmt"/>
          <line num="63" count="3" type="cond" truecount="2" falsecount="0"/>
          <line num="64" count="2" type="stmt"/>
          <line num="68" count="2" type="stmt"/>
          <line num="70" count="1" type="cond" truecount="1" falsecount="1"/>
          <line num="78" count="3" type="stmt"/>
          <line num="79" count="3" type="stmt"/>
          <line num="85" count="19" type="cond" truecount="2" falsecount="0"/>
          <line num="86" count="3" type="stmt"/>
          <line num="99" count="16" type="stmt"/>
          <line num="102" count="19" type="stmt"/>
        </file>
        <file name="ToDo.js" path="/home/asharani/node/eclipse-workspace/React-To-do/src/components/ToDo.js">
          <metrics statements="12" coveredstatements="12" conditionals="0" coveredconditionals="0" methods="5" coveredmethods="5"/>
          <line num="15" count="3" type="stmt"/>
          <line num="16" count="3" type="stmt"/>
          <line num="19" count="3" type="stmt"/>
          <line num="20" count="3" type="stmt"/>
          <line num="24" count="3" type="stmt"/>
          <line num="28" count="1" type="stmt"/>
          <line num="32" count="2" type="stmt"/>
          <line num="33" count="2" type="stmt"/>
          <line num="40" count="2" type="stmt"/>
          <line num="41" count="2" type="stmt"/>
          <line num="42" count="2" type="stmt"/>
          <line num="46" count="7" type="stmt"/>
        </file>
      </package>
      <package name="reducers">
        <metrics statements="5" coveredstatements="5" conditionals="4" coveredconditionals="4" methods="1" coveredmethods="1"/>
        <file name="getData_reducer.js" path="/home/asharani/node/eclipse-workspace/React-To-do/src/reducers/getData_reducer.js">
          <metrics statements="5" coveredstatements="5" conditionals="4" coveredconditionals="4" methods="1" coveredmethods="1"/>
          <line num="4" count="3" type="cond" truecount="3" falsecount="0"/>
          <line num="6" count="1" type="stmt"/>
          <line num="9" count="1" type="stmt"/>
          <line num="10" count="1" type="stmt"/>
          <line num="13" count="1" type="stmt"/>
        </file>
      </package>
    </metrics>
  </project>
</coverage>
