{"/home/asharani/node/eclipse-workspace/React-To-do/src/components/List.js": {"path":"/home/asharani/node/eclipse-workspace/React-To-do/src/components/List.js","statementMap":{"0":{"start":{"line":16,"column":18},"end":{"line":16,"column":52}},"1":{"start":{"line":18,"column":2},"end":{"line":31,"column":3}},"2":{"start":{"line":19,"column":3},"end":{"line":30,"column":6}},"3":{"start":{"line":20,"column":4},"end":{"line":29,"column":20}},"4":{"start":{"line":32,"column":2},"end":{"line":36,"column":4}}},"fnMap":{"0":{"name":"(anonymous_0)","decl":{"start":{"line":15,"column":1},"end":{"line":15,"column":2}},"loc":{"start":{"line":15,"column":10},"end":{"line":37,"column":2}},"line":15},"1":{"name":"(anonymous_1)","decl":{"start":{"line":19,"column":35},"end":{"line":19,"column":36}},"loc":{"start":{"line":20,"column":4},"end":{"line":29,"column":20}},"line":20}},"branchMap":{"0":{"loc":{"start":{"line":18,"column":2},"end":{"line":31,"column":3}},"type":"if","locations":[{"start":{"line":18,"column":2},"end":{"line":31,"column":3}},{"start":{"line":18,"column":2},"end":{"line":31,"column":3}}],"line":18},"1":{"loc":{"start":{"line":18,"column":6},"end":{"line":18,"column":48}},"type":"binary-expr","locations":[{"start":{"line":18,"column":6},"end":{"line":18,"column":13}},{"start":{"line":18,"column":17},"end":{"line":18,"column":48}}],"line":18}},"s":{"0":2,"1":2,"2":2,"3":4,"4":2},"f":{"0":2,"1":4},"b":{"0":[2,0],"1":[2,2]},"_coverageSchema":"332fd63041d2c1bcb487cc26dd0d5f7d97098a6c","hash":"fddf6ed905708928f55bfd304df56c6edd039698"}
,"/home/asharani/node/eclipse-workspace/React-To-do/src/components/ListItem.js": {"path":"/home/asharani/node/eclipse-workspace/React-To-do/src/components/ListItem.js","statementMap":{"0":{"start":{"line":19,"column":2},"end":{"line":19,"column":15}},"1":{"start":{"line":20,"column":2},"end":{"line":22,"column":4}},"2":{"start":{"line":23,"column":2},"end":{"line":23,"column":51}},"3":{"start":{"line":24,"column":2},"end":{"line":24,"column":47}},"4":{"start":{"line":25,"column":2},"end":{"line":25,"column":59}},"5":{"start":{"line":26,"column":2},"end":{"line":26,"column":47}},"6":{"start":{"line":27,"column":2},"end":{"line":27,"column":55}},"7":{"start":{"line":31,"column":2},"end":{"line":31,"column":41}},"8":{"start":{"line":35,"column":2},"end":{"line":39,"column":3}},"9":{"start":{"line":36,"column":3},"end":{"line":36,"column":34}},"10":{"start":{"line":38,"column":3},"end":{"line":38,"column":33}},"11":{"start":{"line":43,"column":2},"end":{"line":43,"column":47}},"12":{"start":{"line":47,"column":2},"end":{"line":57,"column":3}},"13":{"start":{"line":48,"column":16},"end":{"line":48,"column":18}},"14":{"start":{"line":49,"column":3},"end":{"line":49,"column":29}},"15":{"start":{"line":51,"column":3},"end":{"line":53,"column":5}},"16":{"start":{"line":55,"column":3},"end":{"line":55,"column":34}},"17":{"start":{"line":56,"column":3},"end":{"line":56,"column":31}},"18":{"start":{"line":61,"column":15},"end":{"line":61,"column":17}},"19":{"start":{"line":62,"column":2},"end":{"line":62,"column":28}},"20":{"start":{"line":63,"column":2},"end":{"line":77,"column":3}},"21":{"start":{"line":64,"column":3},"end":{"line":66,"column":5}},"22":{"start":{"line":68,"column":3},"end":{"line":68,"column":34}},"23":{"start":{"line":70,"column":3},"end":{"line":76,"column":9}},"24":{"start":{"line":78,"column":2},"end":{"line":78,"column":30}},"25":{"start":{"line":79,"column":2},"end":{"line":79,"column":14}},"26":{"start":{"line":85,"column":2},"end":{"line":100,"column":3}},"27":{"start":{"line":86,"column":3},"end":{"line":97,"column":5}},"28":{"start":{"line":99,"column":3},"end":{"line":99,"column":71}},"29":{"start":{"line":102,"column":2},"end":{"line":146,"column":4}}},"fnMap":{"0":{"name":"(anonymous_0)","decl":{"start":{"line":18,"column":1},"end":{"line":18,"column":2}},"loc":{"start":{"line":18,"column":20},"end":{"line":28,"column":2}},"line":18},"1":{"name":"(anonymous_1)","decl":{"start":{"line":30,"column":1},"end":{"line":30,"column":2}},"loc":{"start":{"line":30,"column":21},"end":{"line":32,"column":2}},"line":30},"2":{"name":"(anonymous_2)","decl":{"start":{"line":34,"column":1},"end":{"line":34,"column":2}},"loc":{"start":{"line":34,"column":14},"end":{"line":40,"column":2}},"line":34},"3":{"name":"(anonymous_3)","decl":{"start":{"line":42,"column":1},"end":{"line":42,"column":2}},"loc":{"start":{"line":42,"column":25},"end":{"line":44,"column":2}},"line":42},"4":{"name":"(anonymous_4)","decl":{"start":{"line":46,"column":1},"end":{"line":46,"column":2}},"loc":{"start":{"line":46,"column":23},"end":{"line":58,"column":2}},"line":46},"5":{"name":"(anonymous_5)","decl":{"start":{"line":60,"column":1},"end":{"line":60,"column":2}},"loc":{"start":{"line":60,"column":19},"end":{"line":80,"column":2}},"line":60},"6":{"name":"(anonymous_6)","decl":{"start":{"line":82,"column":1},"end":{"line":82,"column":2}},"loc":{"start":{"line":82,"column":10},"end":{"line":147,"column":2}},"line":82}},"branchMap":{"0":{"loc":{"start":{"line":35,"column":2},"end":{"line":39,"column":3}},"type":"if","locations":[{"start":{"line":35,"column":2},"end":{"line":39,"column":3}},{"start":{"line":35,"column":2},"end":{"line":39,"column":3}}],"line":35},"1":{"loc":{"start":{"line":47,"column":2},"end":{"line":57,"column":3}},"type":"if","locations":[{"start":{"line":47,"column":2},"end":{"line":57,"column":3}},{"start":{"line":47,"column":2},"end":{"line":57,"column":3}}],"line":47},"2":{"loc":{"start":{"line":63,"column":2},"end":{"line":77,"column":3}},"type":"if","locations":[{"start":{"line":63,"column":2},"end":{"line":77,"column":3}},{"start":{"line":63,"column":2},"end":{"line":77,"column":3}}],"line":63},"3":{"loc":{"start":{"line":70,"column":3},"end":{"line":76,"column":8}},"type":"cond-expr","locations":[{"start":{"line":71,"column":7},"end":{"line":73,"column":7}},{"start":{"line":74,"column":7},"end":{"line":76,"column":7}}],"line":70},"4":{"loc":{"start":{"line":85,"column":2},"end":{"line":100,"column":3}},"type":"if","locations":[{"start":{"line":85,"column":2},"end":{"line":100,"column":3}},{"start":{"line":85,"column":2},"end":{"line":100,"column":3}}],"line":85},"5":{"loc":{"start":{"line":106,"column":5},"end":{"line":106,"column":58}},"type":"cond-expr","locations":[{"start":{"line":106,"column":30},"end":{"line":106,"column":45}},{"start":{"line":106,"column":48},"end":{"line":106,"column":58}}],"line":106},"6":{"loc":{"start":{"line":111,"column":16},"end":{"line":111,"column":53}},"type":"cond-expr","locations":[{"start":{"line":111,"column":34},"end":{"line":111,"column":40}},{"start":{"line":111,"column":43},"end":{"line":111,"column":53}}],"line":111},"7":{"loc":{"start":{"line":122,"column":7},"end":{"line":126,"column":24}},"type":"cond-expr","locations":[{"start":{"line":123,"column":10},"end":{"line":123,"column":23}},{"start":{"line":124,"column":10},"end":{"line":126,"column":24}}],"line":122},"8":{"loc":{"start":{"line":124,"column":10},"end":{"line":126,"column":24}},"type":"cond-expr","locations":[{"start":{"line":125,"column":11},"end":{"line":125,"column":17}},{"start":{"line":126,"column":11},"end":{"line":126,"column":24}}],"line":124},"9":{"loc":{"start":{"line":130,"column":7},"end":{"line":130,"column":58}},"type":"cond-expr","locations":[{"start":{"line":130,"column":25},"end":{"line":130,"column":40}},{"start":{"line":130,"column":43},"end":{"line":130,"column":58}}],"line":130},"10":{"loc":{"start":{"line":135,"column":7},"end":{"line":135,"column":58}},"type":"cond-expr","locations":[{"start":{"line":135,"column":25},"end":{"line":135,"column":40}},{"start":{"line":135,"column":43},"end":{"line":135,"column":58}}],"line":135},"11":{"loc":{"start":{"line":139,"column":7},"end":{"line":141,"column":27}},"type":"cond-expr","locations":[{"start":{"line":140,"column":10},"end":{"line":140,"column":25}},{"start":{"line":141,"column":10},"end":{"line":141,"column":27}}],"line":139}},"s":{"0":10,"1":10,"2":10,"3":10,"4":10,"5":10,"6":10,"7":1,"8":3,"9":1,"10":2,"11":1,"12":1,"13":1,"14":1,"15":1,"16":1,"17":1,"18":3,"19":3,"20":3,"21":2,"22":2,"23":1,"24":3,"25":3,"26":19,"27":3,"28":16,"29":19},"f":{"0":10,"1":1,"2":3,"3":1,"4":1,"5":3,"6":19},"b":{"0":[1,2],"1":[1,0],"2":[2,1],"3":[1,0],"4":[3,16],"5":[0,19],"6":[3,16],"7":[3,16],"8":[0,16],"9":[3,16],"10":[3,16],"11":[3,16]},"_coverageSchema":"332fd63041d2c1bcb487cc26dd0d5f7d97098a6c","hash":"e4ebb979aa7674bd7e209af7478758b05669518b"}
,"/home/asharani/node/eclipse-workspace/React-To-do/src/components/ToDo.js": {"path":"/home/asharani/node/eclipse-workspace/React-To-do/src/components/ToDo.js","statementMap":{"0":{"start":{"line":15,"column":2},"end":{"line":15,"column":15}},"1":{"start":{"line":16,"column":2},"end":{"line":18,"column":4}},"2":{"start":{"line":19,"column":2},"end":{"line":19,"column":41}},"3":{"start":{"line":20,"column":2},"end":{"line":20,"column":51}},"4":{"start":{"line":24,"column":2},"end":{"line":24,"column":27}},"5":{"start":{"line":28,"column":2},"end":{"line":28,"column":47}},"6":{"start":{"line":32,"column":2},"end":{"line":32,"column":25}},"7":{"start":{"line":33,"column":15},"end":{"line":38,"column":3}},"8":{"start":{"line":40,"column":2},"end":{"line":40,"column":28}},"9":{"start":{"line":41,"column":2},"end":{"line":41,"column":31}},"10":{"start":{"line":42,"column":2},"end":{"line":42,"column":14}},"11":{"start":{"line":46,"column":2},"end":{"line":70,"column":4}}},"fnMap":{"0":{"name":"(anonymous_0)","decl":{"start":{"line":14,"column":1},"end":{"line":14,"column":2}},"loc":{"start":{"line":14,"column":20},"end":{"line":21,"column":2}},"line":14},"1":{"name":"(anonymous_1)","decl":{"start":{"line":23,"column":1},"end":{"line":23,"column":2}},"loc":{"start":{"line":23,"column":21},"end":{"line":25,"column":2}},"line":23},"2":{"name":"(anonymous_2)","decl":{"start":{"line":27,"column":1},"end":{"line":27,"column":2}},"loc":{"start":{"line":27,"column":21},"end":{"line":29,"column":2}},"line":27},"3":{"name":"(anonymous_3)","decl":{"start":{"line":31,"column":1},"end":{"line":31,"column":2}},"loc":{"start":{"line":31,"column":16},"end":{"line":43,"column":2}},"line":31},"4":{"name":"(anonymous_4)","decl":{"start":{"line":45,"column":1},"end":{"line":45,"column":2}},"loc":{"start":{"line":45,"column":10},"end":{"line":71,"column":2}},"line":45}},"branchMap":{},"s":{"0":3,"1":3,"2":3,"3":3,"4":3,"5":1,"6":2,"7":2,"8":2,"9":2,"10":2,"11":7},"f":{"0":3,"1":3,"2":1,"3":2,"4":7},"b":{},"_coverageSchema":"332fd63041d2c1bcb487cc26dd0d5f7d97098a6c","hash":"85c1ecb9d238fc5ecf216c3d5c92e5729d6a9539"}
,"/home/asharani/node/eclipse-workspace/React-To-do/src/reducers/getData_reducer.js": {"path":"/home/asharani/node/eclipse-workspace/React-To-do/src/reducers/getData_reducer.js","statementMap":{"0":{"start":{"line":4,"column":1},"end":{"line":15,"column":2}},"1":{"start":{"line":6,"column":3},"end":{"line":6,"column":23}},"2":{"start":{"line":9,"column":16},"end":{"line":9,"column":49}},"3":{"start":{"line":10,"column":3},"end":{"line":10,"column":19}},"4":{"start":{"line":13,"column":3},"end":{"line":13,"column":16}}},"fnMap":{"0":{"name":"(anonymous_0)","decl":{"start":{"line":3,"column":15},"end":{"line":3,"column":16}},"loc":{"start":{"line":3,"column":39},"end":{"line":16,"column":1}},"line":3}},"branchMap":{"0":{"loc":{"start":{"line":3,"column":16},"end":{"line":3,"column":26}},"type":"default-arg","locations":[{"start":{"line":3,"column":24},"end":{"line":3,"column":26}}],"line":3},"1":{"loc":{"start":{"line":4,"column":1},"end":{"line":15,"column":2}},"type":"switch","locations":[{"start":{"line":5,"column":2},"end":{"line":7,"column":3}},{"start":{"line":8,"column":2},"end":{"line":11,"column":3}},{"start":{"line":12,"column":2},"end":{"line":14,"column":3}}],"line":4}},"s":{"0":3,"1":1,"2":1,"3":1,"4":1},"f":{"0":3},"b":{"0":[1],"1":[1,1,1]},"_coverageSchema":"332fd63041d2c1bcb487cc26dd0d5f7d97098a6c","hash":"177ad2f6b61d0ceed8994eab111cbcc84b28141d"}
}
