TN:
SF:/home/asharani/node/eclipse-workspace/React-To-do/src/components/List.js
FN:15,(anonymous_0)
FN:19,(anonymous_1)
FNF:2
FNH:2
FNDA:2,(anonymous_0)
FNDA:4,(anonymous_1)
DA:16,2
DA:18,2
DA:19,2
DA:20,4
DA:32,2
LF:5
LH:5
BRDA:18,0,0,2
BRDA:18,0,1,0
BRDA:18,1,0,2
BRDA:18,1,1,2
BRF:4
BRH:3
end_of_record
TN:
SF:/home/asharani/node/eclipse-workspace/React-To-do/src/components/ListItem.js
FN:18,(anonymous_0)
FN:30,(anonymous_1)
FN:34,(anonymous_2)
FN:42,(anonymous_3)
FN:46,(anonymous_4)
FN:60,(anonymous_5)
FN:82,(anonymous_6)
FNF:7
FNH:7
FNDA:10,(anonymous_0)
FNDA:1,(anonymous_1)
FNDA:3,(anonymous_2)
FNDA:1,(anonymous_3)
FNDA:1,(anonymous_4)
FNDA:3,(anonymous_5)
FNDA:19,(anonymous_6)
DA:19,10
DA:20,10
DA:23,10
DA:24,10
DA:25,10
DA:26,10
DA:27,10
DA:31,1
DA:35,3
DA:36,1
DA:38,2
DA:43,1
DA:47,1
DA:48,1
DA:49,1
DA:51,1
DA:55,1
DA:56,1
DA:61,3
DA:62,3
DA:63,3
DA:64,2
DA:68,2
DA:70,1
DA:78,3
DA:79,3
DA:85,19
DA:86,3
DA:99,16
DA:102,19
LF:30
LH:30
BRDA:35,0,0,1
BRDA:35,0,1,2
BRDA:47,1,0,1
BRDA:47,1,1,0
BRDA:63,2,0,2
BRDA:63,2,1,1
BRDA:70,3,0,1
BRDA:70,3,1,0
BRDA:85,4,0,3
BRDA:85,4,1,16
BRDA:106,5,0,0
BRDA:106,5,1,19
BRDA:111,6,0,3
BRDA:111,6,1,16
BRDA:122,7,0,3
BRDA:122,7,1,16
BRDA:124,8,0,0
BRDA:124,8,1,16
BRDA:130,9,0,3
BRDA:130,9,1,16
BRDA:135,10,0,3
BRDA:135,10,1,16
BRDA:139,11,0,3
BRDA:139,11,1,16
BRF:24
BRH:20
end_of_record
TN:
SF:/home/asharani/node/eclipse-workspace/React-To-do/src/components/ToDo.js
FN:14,(anonymous_0)
FN:23,(anonymous_1)
FN:27,(anonymous_2)
FN:31,(anonymous_3)
FN:45,(anonymous_4)
FNF:5
FNH:5
FNDA:3,(anonymous_0)
FNDA:3,(anonymous_1)
FNDA:1,(anonymous_2)
FNDA:2,(anonymous_3)
FNDA:7,(anonymous_4)
DA:15,3
DA:16,3
DA:19,3
DA:20,3
DA:24,3
DA:28,1
DA:32,2
DA:33,2
DA:40,2
DA:41,2
DA:42,2
DA:46,7
LF:12
LH:12
BRF:0
BRH:0
end_of_record
TN:
SF:/home/asharani/node/eclipse-workspace/React-To-do/src/reducers/getData_reducer.js
FN:3,(anonymous_0)
FNF:1
FNH:1
FNDA:3,(anonymous_0)
DA:4,3
DA:6,1
DA:9,1
DA:10,1
DA:13,1
LF:5
LH:5
BRDA:3,0,0,1
BRDA:4,1,0,1
BRDA:4,1,1,1
BRDA:4,1,2,1
BRF:4
BRH:4
end_of_record
